<?xml version="1.0" encoding="UTF-8"?>
<!-- Generated by org.testng.reporters.JUnitXMLReporter -->
<testsuite ignored="4" hostname="SumedhKrishna" failures="1" tests="3" name="Test" time="194.468" errors="0" timestamp="2023-10-11T11:05:46 EDT">
  <testcase classname="tests.TC_01MakeAnOrder" name="verifyMakeAnOrder" time="82.723">
    <failure type="java.lang.AssertionError" message="expected [true] but found [false]">
      <![CDATA[java.lang.AssertionError: expected [true] but found [false]
at tests.TC_01MakeAnOrder.verifyMakeAnOrder(TC_01MakeAnOrder.java:40)
at java.base/java.util.ArrayList.forEach(ArrayList.java:1541)
... Removed 31 stack frames]]>
    </failure>
  </testcase> <!-- verifyMakeAnOrder -->
  <testcase classname="tests.TC_02EditProfile" name="verifyEditProfile" time="30.352"/>
  <testcase classname="tests.TC_03AddingItemsMoreThanAvailable" name="verifyAddingItemsMoreThanAvailable" time="14.563"/>
  <testcase classname="utills.ExtentReportsCalss" name="@BeforeSuite setUpReport" time="0.0">
    <ignored/>
  </testcase> <!-- @BeforeSuite setUpReport -->
  <testcase classname="utills.ExtentReportsCalss" name="@AfterSuite tearDownReports" time="0.0">
    <ignored/>
  </testcase> <!-- @AfterSuite tearDownReports -->
  <testcase classname="utills.ExtentReportsCalss" name="@AfterSuite tearDownReports" time="0.0">
    <ignored/>
  </testcase> <!-- @AfterSuite tearDownReports -->
  <testcase classname="utills.ExtentReportsCalss" name="@BeforeSuite setUpReport" time="0.0">
    <ignored/>
  </testcase> <!-- @BeforeSuite setUpReport -->
</testsuite> <!-- Test -->
