<?xml version="1.0" encoding="UTF-8"?>
<testng-results ignored="4" total="7" passed="2" failed="1" skipped="0">
  <reporter-output>
  </reporter-output>
  <suite started-at="2023-10-11T11:02:32 EDT" name="Suite" finished-at="2023-10-11T11:05:46 EDT" duration-ms="194468">
    <groups>
    </groups>
    <test started-at="2023-10-11T11:02:32 EDT" name="Test" finished-at="2023-10-11T11:05:46 EDT" duration-ms="194468">
      <class name="tests.TC_01MakeAnOrder">
        <test-method is-config="true" signature="setUpReport()[pri:0, instance:tests.TC_01MakeAnOrder@609e8838]" started-at="2023-10-11T11:02:32 EDT" name="setUpReport" finished-at="2023-10-11T11:02:32 EDT" duration-ms="164" status="PASS">
          <reporter-output>
          </reporter-output>
        </test-method> <!-- setUpReport -->
        <test-method is-config="true" signature="setUp()[pri:0, instance:tests.TC_01MakeAnOrder@609e8838]" started-at="2023-10-11T11:02:32 EDT" name="setUp" finished-at="2023-10-11T11:02:58 EDT" duration-ms="25704" status="PASS">
          <reporter-output>
          </reporter-output>
        </test-method> <!-- setUp -->
        <test-method signature="verifyMakeAnOrder(java.lang.reflect.Method)[pri:0, instance:tests.TC_01MakeAnOrder@609e8838]" started-at="2023-10-11T11:02:58 EDT" name="verifyMakeAnOrder" finished-at="2023-10-11T11:04:20 EDT" duration-ms="82723" status="FAIL">
          <params>
            <param index="0">
              <value>
                <![CDATA[void tests.TC_01MakeAnOrder.verifyMakeAnOrder(java.lang.reflect.Method)]]>
              </value>
            </param>
          </params>
          <exception class="java.lang.AssertionError">
            <message>
              <![CDATA[expected [true] but found [false]]]>
            </message>
            <full-stacktrace>
              <![CDATA[java.lang.AssertionError: expected [true] but found [false]
at org.testng.Assert.fail(Assert.java:110)
at org.testng.Assert.failNotEquals(Assert.java:1413)
at org.testng.Assert.assertTrue(Assert.java:56)
at org.testng.Assert.assertTrue(Assert.java:66)
at tests.TC_01MakeAnOrder.verifyMakeAnOrder(TC_01MakeAnOrder.java:40)
at java.base/jdk.internal.reflect.NativeMethodAccessorImpl.invoke0(Native Method)
at java.base/jdk.internal.reflect.NativeMethodAccessorImpl.invoke(NativeMethodAccessorImpl.java:62)
at java.base/jdk.internal.reflect.DelegatingMethodAccessorImpl.invoke(DelegatingMethodAccessorImpl.java:43)
at java.base/java.lang.reflect.Method.invoke(Method.java:566)
at org.testng.internal.invokers.MethodInvocationHelper.invokeMethod(MethodInvocationHelper.java:139)
at org.testng.internal.invokers.TestInvoker.invokeMethod(TestInvoker.java:677)
at org.testng.internal.invokers.TestInvoker.invokeTestMethod(TestInvoker.java:221)
at org.testng.internal.invokers.MethodRunner.runInSequence(MethodRunner.java:50)
at org.testng.internal.invokers.TestInvoker$MethodInvocationAgent.invoke(TestInvoker.java:962)
at org.testng.internal.invokers.TestInvoker.invokeTestMethods(TestInvoker.java:194)
at org.testng.internal.invokers.TestMethodWorker.invokeTestMethods(TestMethodWorker.java:148)
at org.testng.internal.invokers.TestMethodWorker.run(TestMethodWorker.java:128)
at java.base/java.util.ArrayList.forEach(ArrayList.java:1541)
at org.testng.TestRunner.privateRun(TestRunner.java:806)
at org.testng.TestRunner.run(TestRunner.java:601)
at org.testng.SuiteRunner.runTest(SuiteRunner.java:433)
at org.testng.SuiteRunner.runSequentially(SuiteRunner.java:427)
at org.testng.SuiteRunner.privateRun(SuiteRunner.java:387)
at org.testng.SuiteRunner.run(SuiteRunner.java:330)
at org.testng.SuiteRunnerWorker.runSuite(SuiteRunnerWorker.java:52)
at org.testng.SuiteRunnerWorker.run(SuiteRunnerWorker.java:95)
at org.testng.TestNG.runSuitesSequentially(TestNG.java:1256)
at org.testng.TestNG.runSuitesLocally(TestNG.java:1176)
at org.testng.TestNG.runSuites(TestNG.java:1099)
at org.testng.TestNG.run(TestNG.java:1067)
at org.testng.remote.AbstractRemoteTestNG.run(AbstractRemoteTestNG.java:115)
at org.testng.remote.RemoteTestNG.initAndRun(RemoteTestNG.java:251)
at org.testng.remote.RemoteTestNG.main(RemoteTestNG.java:77)
]]>
            </full-stacktrace>
          </exception> <!-- java.lang.AssertionError -->
          <reporter-output>
          </reporter-output>
        </test-method> <!-- verifyMakeAnOrder -->
        <test-method is-config="true" signature="tesrDown()[pri:0, instance:tests.TC_01MakeAnOrder@609e8838]" started-at="2023-10-11T11:04:20 EDT" name="tesrDown" finished-at="2023-10-11T11:04:24 EDT" duration-ms="3290" status="PASS">
          <reporter-output>
          </reporter-output>
        </test-method> <!-- tesrDown -->
        <test-method is-config="true" signature="tearDownReports()[pri:0, instance:tests.TC_01MakeAnOrder@609e8838]" started-at="2023-10-11T11:05:46 EDT" name="tearDownReports" finished-at="2023-10-11T11:05:47 EDT" duration-ms="278" status="PASS">
          <reporter-output>
          </reporter-output>
        </test-method> <!-- tearDownReports -->
      </class> <!-- tests.TC_01MakeAnOrder -->
      <class name="tests.TC_03AddingItemsMoreThanAvailable">
        <test-method is-config="true" signature="setUp()[pri:0, instance:tests.TC_03AddingItemsMoreThanAvailable@1972e513]" started-at="2023-10-11T11:05:12 EDT" name="setUp" finished-at="2023-10-11T11:05:30 EDT" duration-ms="17814" status="PASS">
          <reporter-output>
          </reporter-output>
        </test-method> <!-- setUp -->
        <test-method signature="verifyAddingItemsMoreThanAvailable(java.lang.reflect.Method)[pri:0, instance:tests.TC_03AddingItemsMoreThanAvailable@1972e513]" started-at="2023-10-11T11:05:30 EDT" name="verifyAddingItemsMoreThanAvailable" finished-at="2023-10-11T11:05:44 EDT" duration-ms="14563" status="PASS">
          <params>
            <param index="0">
              <value>
                <![CDATA[void tests.TC_03AddingItemsMoreThanAvailable.verifyAddingItemsMoreThanAvailable(java.lang.reflect.Method) throws java.lang.InterruptedException]]>
              </value>
            </param>
          </params>
          <reporter-output>
          </reporter-output>
        </test-method> <!-- verifyAddingItemsMoreThanAvailable -->
        <test-method is-config="true" signature="tesrDown()[pri:0, instance:tests.TC_03AddingItemsMoreThanAvailable@1972e513]" started-at="2023-10-11T11:05:44 EDT" name="tesrDown" finished-at="2023-10-11T11:05:46 EDT" duration-ms="1881" status="PASS">
          <reporter-output>
          </reporter-output>
        </test-method> <!-- tesrDown -->
      </class> <!-- tests.TC_03AddingItemsMoreThanAvailable -->
      <class name="tests.TC_02EditProfile">
        <test-method is-config="true" signature="setUp()[pri:0, instance:tests.TC_02EditProfile@302c971f]" started-at="2023-10-11T11:04:24 EDT" name="setUp" finished-at="2023-10-11T11:04:41 EDT" duration-ms="17355" status="PASS">
          <reporter-output>
          </reporter-output>
        </test-method> <!-- setUp -->
        <test-method signature="verifyEditProfile(java.lang.reflect.Method)[pri:0, instance:tests.TC_02EditProfile@302c971f]" started-at="2023-10-11T11:04:41 EDT" name="verifyEditProfile" finished-at="2023-10-11T11:05:11 EDT" duration-ms="30352" status="PASS">
          <params>
            <param index="0">
              <value>
                <![CDATA[void tests.TC_02EditProfile.verifyEditProfile(java.lang.reflect.Method)]]>
              </value>
            </param>
          </params>
          <reporter-output>
          </reporter-output>
        </test-method> <!-- verifyEditProfile -->
        <test-method is-config="true" signature="tesrDown()[pri:0, instance:tests.TC_02EditProfile@302c971f]" started-at="2023-10-11T11:05:11 EDT" name="tesrDown" finished-at="2023-10-11T11:05:12 EDT" duration-ms="743" status="PASS">
          <reporter-output>
          </reporter-output>
        </test-method> <!-- tesrDown -->
      </class> <!-- tests.TC_02EditProfile -->
    </test> <!-- Test -->
  </suite> <!-- Suite -->
</testng-results>
